<?xml version="1.0" encoding="UTF-8"?>
<!-- Generated by org.testng.reporters.JUnitReportReporter -->
<testsuite name="com.qmetry.qaf.automation.step.client.DataDrivenScenario" tests="4" time="331.606" ignored="1" failures="0" timestamp="19 Jan 2018 09:54:20 GMT" skipped="0" hostname="ICPL11500" errors="0">
  <testcase name="AddToCart" time="78.846" classname="com.qmetry.qaf.automation.step.client.DataDrivenScenario"/>
  <testcase name="AddToCart" time="75.891" classname="com.qmetry.qaf.automation.step.client.DataDrivenScenario"/>
  <testcase name="AddToCart" time="95.452" classname="com.qmetry.qaf.automation.step.client.DataDrivenScenario"/>
  <testcase name="AddToCart" time="81.417" classname="com.qmetry.qaf.automation.step.client.DataDrivenScenario"/>
  <testcase name="AddToCart" classname="com.qmetry.qaf.automation.step.client.DataDrivenScenario">
    <skipped/>
  </testcase> <!-- AddToCart -->
</testsuite> <!-- com.qmetry.qaf.automation.step.client.DataDrivenScenario -->
