<?xml version="1.0" encoding="UTF-8"?>
<!-- Generated by org.testng.reporters.JUnitReportReporter -->
<testsuite name="com.ajioapptest.Test.TestAjioOrder" tests="1" time="0.173" ignored="0" failures="0" timestamp="19 Jan 2018 09:37:55 GMT" skipped="1" hostname="ICPL11500" errors="0">
  <testcase name="verifyOrder" time="0.173" classname="com.ajioapptest.Test.TestAjioOrder">
    <skipped/>
  </testcase> <!-- verifyOrder -->
</testsuite> <!-- com.ajioapptest.Test.TestAjioOrder -->
