<?xml version="1.0" encoding="UTF-8"?>
<!-- Generated by org.testng.reporters.JUnitReportReporter -->
<testsuite name="com.ajioapptest.Test.TestAjioOrder" tests="1" time="85.369" ignored="0" failures="0" timestamp="10 Jan 2018 11:58:05 GMT" skipped="0" hostname="ICPL11500" errors="0">
  <testcase name="verifyOrder" time="85.369" classname="com.ajioapptest.Test.TestAjioOrder"/>
</testsuite> <!-- com.ajioapptest.Test.TestAjioOrder -->
