<?xml version="1.0" encoding="UTF-8"?>
<!-- Generated by org.testng.reporters.JUnitReportReporter -->
<testsuite name="com.qmetry.qaf.automation.step.client.Scenario" tests="1" time="0.004" ignored="0" failures="0" timestamp="09 Jan 2018 11:59:02 GMT" skipped="0" hostname="ICPL11500" errors="0">
  <testcase name="SampleTest" time="0.004" classname="com.qmetry.qaf.automation.step.client.Scenario"/>
</testsuite> <!-- com.qmetry.qaf.automation.step.client.Scenario -->
